<?xml version="1.0" encoding="UTF-8"?>
<!-- Generated by org.testng.reporters.JUnitXMLReporter -->
<testsuite ignored="0" hostname="DELL-PC" failures="1" tests="1" name="Test" time="37.69" errors="0" timestamp="2022-12-03T19:18:06 EST">
  <testcase classname="cucumber.api.testng.AbstractTestNGCucumberTests" name="runScenario" time="37.321">
    <failure type="java.nio.file.InvalidPathException" message="Trailing char &amp;lt; &amp;gt; at index 20: .\target\Screen shot \Home Page.png">
      <![CDATA[java.nio.file.InvalidPathException: Trailing char < > at index 20: .\target\Screen shot \Home Page.png
at java.base/sun.nio.fs.WindowsPathParser.normalize(WindowsPathParser.java:172)
at java.base/sun.nio.fs.WindowsPathParser.parse(WindowsPathParser.java:153)
at java.base/sun.nio.fs.WindowsPathParser.parse(WindowsPathParser.java:77)
at java.base/sun.nio.fs.WindowsPath.parse(WindowsPath.java:92)
at java.base/sun.nio.fs.WindowsFileSystem.getPath(WindowsFileSystem.java:229)
at java.base/java.io.File.toPath(File.java:2329)
at org.codehaus.plexus.util.NioFiles.copy(NioFiles.java:140)
at org.codehaus.plexus.util.FileUtils.doCopyFileUsingNewIO(FileUtils.java:1147)
at org.codehaus.plexus.util.FileUtils.doCopyFile(FileUtils.java:1097)
at org.codehaus.plexus.util.FileUtils.copyFile(FileUtils.java:1082)
at com.util.ScreenShot.getScreenShot(ScreenShot.java:22)
at com.cucumber.test.StepDef.go_to_application_URL(StepDef.java:34)
at ✽.Go to application URL(file:src/main/resources/Features/Login.feature:8)
]]>
    </failure>
  </testcase> <!-- runScenario -->
</testsuite> <!-- Test -->
