<?xml version="1.0" encoding="UTF-8"?>
<testng-results ignored="0" total="1" passed="0" failed="1" skipped="0">
  <reporter-output>
  </reporter-output>
  <suite started-at="2022-12-03T19:17:28 EST" name="Suite" finished-at="2022-12-03T19:18:06 EST" duration-ms="37690">
    <groups>
      <group name="cucumber">
        <method signature="AbstractTestNGCucumberTests.runScenario(cucumber.api.testng.PickleEventWrapper,cucumber.api.testng.CucumberFeatureWrapper)[pri:0, instance:com.cucumber.test.Runnerfile@783a467b]" name="runScenario" class="cucumber.api.testng.AbstractTestNGCucumberTests"/>
      </group> <!-- cucumber -->
    </groups>
    <test started-at="2022-12-03T19:17:28 EST" name="Test" finished-at="2022-12-03T19:18:06 EST" duration-ms="37690">
      <class name="com.cucumber.test.Runnerfile">
        <test-method is-config="true" signature="setUpClass()[pri:0, instance:com.cucumber.test.Runnerfile@783a467b]" started-at="2022-12-03T19:17:28 EST" name="setUpClass" finished-at="2022-12-03T19:17:29 EST" duration-ms="187" status="PASS">
          <reporter-output>
          </reporter-output>
        </test-method> <!-- setUpClass -->
        <test-method signature="runScenario(cucumber.api.testng.PickleEventWrapper,cucumber.api.testng.CucumberFeatureWrapper)[pri:0, instance:com.cucumber.test.Runnerfile@783a467b]" started-at="2022-12-03T19:17:29 EST" name="runScenario" description="Runs Cucumber Scenarios" data-provider="scenarios" finished-at="2022-12-03T19:18:06 EST" duration-ms="37321" status="FAIL">
          <params>
            <param index="0">
              <value>
                <![CDATA["As a user, must do sucessfully login with valid credential"]]>
              </value>
            </param>
            <param index="1">
              <value>
                <![CDATA["Login"]]>
              </value>
            </param>
          </params>
          <exception class="java.nio.file.InvalidPathException">
            <message>
              <![CDATA[Trailing char < > at index 20: .\target\Screen shot \Home Page.png]]>
            </message>
            <full-stacktrace>
              <![CDATA[java.nio.file.InvalidPathException: Trailing char < > at index 20: .\target\Screen shot \Home Page.png
at java.base/sun.nio.fs.WindowsPathParser.normalize(WindowsPathParser.java:172)
at java.base/sun.nio.fs.WindowsPathParser.parse(WindowsPathParser.java:153)
at java.base/sun.nio.fs.WindowsPathParser.parse(WindowsPathParser.java:77)
at java.base/sun.nio.fs.WindowsPath.parse(WindowsPath.java:92)
at java.base/sun.nio.fs.WindowsFileSystem.getPath(WindowsFileSystem.java:229)
at java.base/java.io.File.toPath(File.java:2329)
at org.codehaus.plexus.util.NioFiles.copy(NioFiles.java:140)
at org.codehaus.plexus.util.FileUtils.doCopyFileUsingNewIO(FileUtils.java:1147)
at org.codehaus.plexus.util.FileUtils.doCopyFile(FileUtils.java:1097)
at org.codehaus.plexus.util.FileUtils.copyFile(FileUtils.java:1082)
at com.util.ScreenShot.getScreenShot(ScreenShot.java:22)
at com.cucumber.test.StepDef.go_to_application_URL(StepDef.java:34)
at ✽.Go to application URL(file:src/main/resources/Features/Login.feature:8)
]]>
            </full-stacktrace>
          </exception> <!-- java.nio.file.InvalidPathException -->
          <reporter-output>
          </reporter-output>
        </test-method> <!-- runScenario -->
        <test-method is-config="true" signature="tearDownClass()[pri:0, instance:com.cucumber.test.Runnerfile@783a467b]" started-at="2022-12-03T19:18:06 EST" name="tearDownClass" finished-at="2022-12-03T19:18:06 EST" duration-ms="51" status="PASS">
          <reporter-output>
          </reporter-output>
        </test-method> <!-- tearDownClass -->
      </class> <!-- com.cucumber.test.Runnerfile -->
    </test> <!-- Test -->
  </suite> <!-- Suite -->
</testng-results>
